Arguments: 
  C:\Program Files\nodejs\node.exe C:\Program Files (x86)\Yarn\bin\yarn.js add typescript -D

PATH: 
  C:\Program Files\Git\mingw64\bin;C:\Program Files\Git\usr\bin;C:\Users\xoghk\AppData\Roaming\SPB_Data\bin;C:\Program_Oracle\product\11.2.0\dbhome_1\bin;C:\Ruby25-x64\bin;C:\WinAVR-20100110\bin;C:\WinAVR-20100110\utils\bin;C:\Program Files (x86)\Common Files\Oracle\Java\javapath;C:\Program Files (x86)\Intel\Intel(R) Management Engine Components\iCLS;C:\Program Files\Intel\Intel(R) Management Engine Components\iCLS;C:\WINDOWS\system32;C:\WINDOWS;C:\WINDOWS\System32\Wbem;C:\WINDOWS\System32\WindowsPowerShell\v1.0;C:\project\lib\opencv3.3\x64\vc15\bin;C:\WINDOWS\System32\OpenSSH;C:\Program Files\Intel\WiFi\bin;C:\Program Files\Common Files\Intel\WirelessCommon;C:\Program Files (x86)\Intel\Intel(R) Management Engine Components\DAL;C:\Program Files\Intel\Intel(R) Management Engine Components\DAL;C:\Program Files (x86)\Intel\Intel(R) Management Engine Components\IPT;C:\Program Files\Intel\Intel(R) Management Engine Components\IPT;C:\Program Files\Java\jdk1.8.0_191\bin;C:\Program Files (x86)\Yarn\bin;C:\Program Files\Git\cmd;C:\Program Files\PuTTY;C:\Program Files\Java\jdk1.8.0_191\bin;C:\Program Files\nodejs;C:\Users\xoghk\AppData\Local\Android\Sdk\platform-tools;C:\Program Files\Java\jre1.8.0_201\bin;C:\Users\xoghk\Anaconda3;C:\Program Files (x86)\Windows Live\Shared;C:\Program Files\MySQL\MySQL Server 8.0\bin;C:\Program Files\Dart\dart-sdk\bin;C:\MinGW\bin;C:\Gradle\gradle-6.3-all\gradle-6.3\bin;C:\Users\xoghk\AppData\Roaming\npm;C:\Users\xoghk\anaconda3;C:\Users\xoghk\anaconda3\Library\mingw-w64\bin;C:\Users\xoghk\anaconda3\Library\usr\bin;C:\Users\xoghk\anaconda3\Library\bin;C:\Users\xoghk\anaconda3\Scripts;C:\Program Files\MySQL\MySQL Shell 8.0\bin;C:\Users\xoghk\AppData\Local\Programs\Microsoft VS Code\bin;C:\Users\xoghk\AppData\Local\Microsoft\WindowsApps;C:\Program Files\JetBrains\PyCharm Community Edition 2019.3.3\bin;C:\Users\xoghk\AppData\Roaming\npm;C:\Program Files\Docker Toolbox

Yarn version: 
  1.13.0

Node version: 
  10.15.3

Platform: 
  win32 x64

Trace: 
  SyntaxError: C:\Users\xoghk\Desktop\열시미허자\typescript\racing-car\package.json: Unexpected token / in JSON at position 479
      at JSON.parse (<anonymous>)
      at C:\Program Files (x86)\Yarn\lib\cli.js:1625:59
      at Generator.next (<anonymous>)
      at step (C:\Program Files (x86)\Yarn\lib\cli.js:304:30)
      at C:\Program Files (x86)\Yarn\lib\cli.js:315:13

npm manifest: 
  {
    "name": "racing-car",
    "version": "1.0.0",
    "description": "",
    "main": "index.js",
    "scripts": {
      "test": "jest",
      "testwatch": "jest --watchAll"
    },
    "repository": {
      "type": "git",
      "url": "git+https://github.com/sky7th/racing-car.git"
    },
    "keywords": [],
    "author": "",
    "license": "ISC",
    "bugs": {
      "url": "https://github.com/sky7th/racing-car/issues"
    },
    "homepage": "https://github.com/sky7th/racing-car#readme",
    "dependencies": {
      // "@types/enzyme": "^3.10.5",
      // "@types/enzyme-adapter-react-16": "^1.0.6",
      // "@types/enzyme-to-json": "^1.5.3",
      "@types/jest": "^26.0.0",
      "@types/react-test-renderer": "^16.9.2",
      // "enzyme": "^3.11.0",
      // "enzyme-adapter-react-16": "^1.15.2",
      // "enzyme-to-json": "^3.5.0",
      "preact": "^10.4.4",
      "react-test-renderer": "^16.13.1"
    },
    "devDependencies": {
      "@babel/core": "^7.10.2",
      "@babel/preset-env": "^7.10.2",
      "@babel/preset-react": "^7.10.1",
      "jest": "^26.0.1",
      "typescript": "^3.9.5"
    },
    // "jest": {
    //   "snapshotSerializers": [
    //     "enzyme-to-json/serializer"
    //   ]
    // }
  }

yarn manifest: 
  No manifest

Lockfile: 
  # THIS IS AN AUTOGENERATED FILE. DO NOT EDIT THIS FILE DIRECTLY.
  # yarn lockfile v1
  
  
  preact@^10.4.4:
    version "10.4.4"
    resolved "https://registry.yarnpkg.com/preact/-/preact-10.4.4.tgz#0bd6d759ec2f8684aaf8c63c7f076191e46528cf"
    integrity sha512-EaTJrerceyAPatQ+vfnadoopsMBZAOY7ak9ogVdUi5xbpR8SoHgtLryXnW+4mQOwt21icqoVR1brkU2dq7pEBA==
  
  typescript@^3.9.5:
    version "3.9.5"
    resolved "https://registry.yarnpkg.com/typescript/-/typescript-3.9.5.tgz#586f0dba300cde8be52dd1ac4f7e1009c1b13f36"
    integrity sha512-hSAifV3k+i6lEoCJ2k6R2Z/rp/H3+8sdmcn5NrS3/3kE7+RyZXm9aqvxWqjEXHAd8b0pShatpcdMTvEdvAJltQ==
